2025-02-09 20:06:00 | DEBUG | repo=course-sys-int-systems | action=commit
2025-11-03 10:30:00 | WARN | repo=course-sys-int-systems | action=commit
2025-09-25 14:50:00 | DEBUG | repo=course-sys-int-systems | action=commit
2025-03-26 10:43:00 | DEBUG | repo=course-sys-int-systems | action=commit
2025-02-28 08:26:00 | DEBUG | repo=course-sys-int-systems | action=test | passed=true
2025-08-16 13:33:00 | WARN | repo=course-sys-int-systems | action=commit
2025-02-20 12:14:00 | DEBUG | repo=course-sys-int-systems | action=commit
2025-02-02 17:15:00 | WARN | repo=course-sys-int-systems | action=commit
2025-05-25 07:12:00 | WARN | repo=course-sys-int-systems | action=commit
2025-06-28 08:49:00 | INFO | repo=course-sys-int-systems | action=test | passed=true
2025-07-05 16:56:00 | DEBUG | repo=course-sys-int-systems | action=commit
2025-06-26 16:28:00 | DEBUG | repo=course-sys-int-systems | action=edit | files=2
2025-02-06 08:44:00 | INFO | repo=course-sys-int-systems | action=commit
2025-09-21 10:44:00 | INFO | repo=course-sys-int-systems | action=test | passed=true
2025-08-26 17:27:00 | INFO | repo=course-sys-int-systems | action=commit
2025-11-26 13:05:00 | INFO | repo=course-sys-int-systems | action=commit
2025-10-21 15:59:00 | WARN | repo=course-sys-int-systems | action=test | passed=true
2025-11-03 08:55:00 | INFO | repo=course-sys-int-systems | action=commit
2025-06-11 17:09:00 | WARN | repo=course-sys-int-systems | action=edit | files=3
2025-10-11 14:27:00 | DEBUG | repo=course-sys-int-systems | action=edit | files=3
2025-06-24 19:38:00 | WARN | repo=course-sys-int-systems | action=test | passed=true
2025-12-24 21:51:00 | INFO | repo=course-sys-int-systems | action=commit
2025-07-05 15:05:00 | INFO | repo=course-sys-int-systems | action=commit
2025-02-20 18:09:00 | WARN | repo=course-sys-int-systems | action=test | passed=true
2025-03-27 19:13:00 | WARN | repo=course-sys-int-systems | action=edit | files=4
2025-12-19 13:36:00 | WARN | repo=course-sys-int-systems | action=pull
2025-02-21 08:11:00 | DEBUG | repo=course-sys-int-systems | action=commit
2025-03-22 07:56:00 | DEBUG | repo=course-sys-int-systems | action=commit
2025-11-27 16:33:00 | DEBUG | repo=course-sys-int-systems | action=commit
2025-03-02 12:23:00 | INFO | repo=course-sys-int-systems | action=commit
2025-03-20 16:23:00 | INFO | repo=course-sys-int-systems | action=pull
2025-05-18 21:45:00 | WARN | repo=course-sys-int-systems | action=commit
2025-12-26 15:09:00 | DEBUG | repo=course-sys-int-systems | action=commit
2025-07-11 20:09:00 | WARN | repo=course-sys-int-systems | action=commit
2025-07-18 10:56:00 | INFO | repo=course-sys-int-systems | action=commit
2025-09-07 20:17:00 | WARN | repo=course-sys-int-systems | action=commit
2025-11-20 15:04:00 | DEBUG | repo=course-sys-int-systems | action=commit
2025-06-04 19:58:00 | WARN | repo=course-sys-int-systems | action=commit
2025-03-17 07:33:00 | INFO | repo=course-sys-int-systems | action=commit
2025-07-05 14:43:00 | DEBUG | repo=course-sys-int-systems | action=commit
2025-12-14 21:04:00 | INFO | repo=course-sys-int-systems | action=commit
2025-12-10 11:02:00 | WARN | repo=course-sys-int-systems | action=commit
2025-11-20 17:29:00 | WARN | repo=course-sys-int-systems | action=commit
2025-02-08 08:37:00 | INFO | repo=course-sys-int-systems | action=commit
2025-11-27 21:09:00 | DEBUG | repo=course-sys-int-systems | action=commit
2025-11-13 15:01:00 | DEBUG | repo=course-sys-int-systems | action=commit
2025-12-09 20:11:00 | INFO | repo=course-sys-int-systems | action=commit
2025-11-25 07:31:00 | DEBUG | repo=course-sys-int-systems | action=commit
2025-05-27 20:45:00 | INFO | repo=course-sys-int-systems | action=commit
2025-07-14 10:17:00 | INFO | repo=course-sys-int-systems | action=commit
2025-11-01 09:17:00 | WARN | repo=course-sys-int-systems | action=commit
2025-02-22 16:21:00 | INFO | repo=course-sys-int-systems | action=commit
2025-06-05 08:20:00 | DEBUG | repo=course-sys-int-systems | action=commit
2025-12-28 12:47:00 | INFO | repo=course-sys-int-systems | action=commit
2025-02-03 21:58:00 | INFO | repo=course-sys-int-systems | action=test | passed=true
2025-05-18 07:58:00 | DEBUG | repo=course-sys-int-systems | action=commit
2025-12-26 21:58:00 | DEBUG | repo=course-sys-int-systems | action=commit
2025-12-27 07:26:00 | WARN | repo=course-sys-int-systems | action=commit
2025-12-05 14:04:00 | WARN | repo=course-sys-int-systems | action=commit
2025-03-09 07:44:00 | DEBUG | repo=course-sys-int-systems | action=commit
2025-12-14 10:52:00 | DEBUG | repo=course-sys-int-systems | action=commit
2025-11-03 21:21:00 | WARN | repo=course-sys-int-systems | action=commit
2025-12-19 18:34:00 | DEBUG | repo=course-sys-int-systems | action=commit
2025-09-04 18:11:00 | DEBUG | repo=course-sys-int-systems | action=commit
2025-11-23 12:03:00 | WARN | repo=course-sys-int-systems | action=commit
2025-01-19 20:17:00 | INFO | repo=course-sys-int-systems | action=commit
2025-02-20 11:18:00 | INFO | repo=course-sys-int-systems | action=commit
2025-01-24 17:10:00 | DEBUG | repo=course-sys-int-systems | action=commit
2025-02-04 18:49:00 | DEBUG | repo=course-sys-int-systems | action=edit | files=3
2025-07-06 10:37:00 | DEBUG | repo=course-sys-int-systems | action=commit
2025-12-15 16:04:00 | WARN | repo=course-sys-int-systems | action=commit
2025-07-17 18:23:00 | INFO | repo=course-sys-int-systems | action=commit
2025-06-02 11:50:00 | DEBUG | repo=course-sys-int-systems | action=commit
2025-12-10 20:07:00 | INFO | repo=course-sys-int-systems | action=commit
2025-10-14 16:15:00 | INFO | repo=course-sys-int-systems | action=commit
2025-02-17 15:31:00 | INFO | repo=course-sys-int-systems | action=commit
2025-12-14 15:11:00 | WARN | repo=course-sys-int-systems | action=commit
2025-11-19 15:47:00 | DEBUG | repo=course-sys-int-systems | action=commit
2025-09-24 17:56:00 | WARN | repo=course-sys-int-systems | action=commit
2025-01-28 08:02:00 | WARN | repo=course-sys-int-systems | action=commit
2025-02-17 16:58:00 | DEBUG | repo=course-sys-int-systems | action=commit
2025-08-14 08:15:00 | DEBUG | repo=course-sys-int-systems | action=commit
2025-06-27 07:55:00 | DEBUG | repo=course-sys-int-systems | action=commit
2025-09-13 20:20:00 | INFO | repo=course-sys-int-systems | action=commit
2025-04-17 19:07:00 | DEBUG | repo=course-sys-int-systems | action=commit
2025-12-07 16:31:00 | INFO | repo=course-sys-int-systems | action=commit
2025-04-28 16:31:00 | DEBUG | repo=course-sys-int-systems | action=commit
2025-07-15 18:43:00 | DEBUG | repo=course-sys-int-systems | action=commit
2025-07-14 18:38:00 | INFO | repo=course-sys-int-systems | action=commit
2025-04-10 18:57:00 | WARN | repo=course-sys-int-systems | action=commit
2025-10-06 16:53:00 | DEBUG | repo=course-sys-int-systems | action=commit
2025-02-27 21:07:00 | DEBUG | repo=course-sys-int-systems | action=commit
2025-09-19 07:53:00 | DEBUG | repo=course-sys-int-systems | action=pull
2025-05-22 07:09:00 | INFO | repo=course-sys-int-systems | action=commit
2025-07-11 08:01:00 | WARN | repo=course-sys-int-systems | action=commit
2025-12-12 21:36:00 | DEBUG | repo=course-sys-int-systems | action=commit
2025-10-17 09:40:00 | INFO | repo=course-sys-int-systems | action=commit
2025-04-04 13:35:00 | INFO | repo=course-sys-int-systems | action=commit
2025-07-18 07:19:00 | INFO | repo=course-sys-int-systems | action=commit
2025-07-04 20:22:00 | DEBUG | repo=course-sys-int-systems | action=commit
2025-04-28 14:56:00 | DEBUG | repo=course-sys-int-systems | action=commit
2025-10-10 15:18:00 | DEBUG | repo=course-sys-int-systems | action=edit | files=3
2025-10-07 19:26:00 | WARN | repo=course-sys-int-systems | action=commit
2025-03-23 08:01:00 | WARN | repo=course-sys-int-systems | action=commit
2025-04-21 21:36:00 | INFO | repo=course-sys-int-systems | action=commit
